

Microchip MPLAB XC8 Assembler V2.36 build 20220127204148 
                                                                                               Wed Feb 01 18:40:45 2023

Microchip MPLAB XC8 C Compiler v2.36 (Free license) build 20220127204148 Og1 
     1                           	processor	18F26K20
     2                           	fnconf	rparam,??,?,0
     3                           	pagewidth 120
     4                           	opt	flic
     5                           	psect	cinit,global,reloc=2,class=CODE,delta=1
     6                           	psect	cstackCOMRAM,global,class=COMRAM,space=1,delta=1,lowdata,noexec
     7                           	psect	text0,global,reloc=2,class=CODE,delta=1
     8                           	psect	text1,global,reloc=2,class=CODE,delta=1
     9                           	psect	intsave_regs,global,class=BIGRAM,space=1,delta=1,noexec
    10                           	psect	rparam,global,class=COMRAM,space=1,delta=1,noexec
    11                           	psect	idloc,global,abs,ovrld,class=IDLOC,space=5,delta=1,noexec
    12                           	psect	config,global,abs,ovrld,class=CONFIG,space=4,delta=1,noexec
    13  0000                     
    14                           ; Generated 06/04/2022 GMT
    15                           ; 
    16                           ; Copyright © 2022, Microchip Technology Inc. and its subsidiaries ("Microchip")
    17                           ; All rights reserved.
    18                           ; 
    19                           ; This software is developed by Microchip Technology Inc. and its subsidiaries ("Microch
      +                          ip").
    20                           ; 
    21                           ; Redistribution and use in source and binary forms, with or without modification, are
    22                           ; permitted provided that the following conditions are met:
    23                           ; 
    24                           ;     1. Redistributions of source code must retain the above copyright notice, this lis
      +                          t of
    25                           ;        conditions and the following disclaimer.
    26                           ; 
    27                           ;     2. Redistributions in binary form must reproduce the above copyright notice, this 
      +                          list
    28                           ;        of conditions and the following disclaimer in the documentation and/or other
    29                           ;        materials provided with the distribution. Publication is not required when
    30                           ;        this file is used in an embedded application.
    31                           ; 
    32                           ;     3. Microchip's name may not be used to endorse or promote products derived from th
      +                          is
    33                           ;        software without specific prior written permission.
    34                           ; 
    35                           ; THIS SOFTWARE IS PROVIDED BY MICROCHIP "AS IS" AND ANY EXPRESS OR IMPLIED WARRANTIES,
    36                           ; INCLUDING, BUT NOT LIMITED TO, THE IMPLIED WARRANTIES OF MERCHANTABILITY AND FITNESS F
      +                          OR
    37                           ; PURPOSE ARE DISCLAIMED.  IN NO EVENT SHALL MICROCHIP BE LIABLE FOR ANY DIRECT, INDIREC
      +                          T,
    38                           ; INCIDENTAL, SPECIAL, EXEMPLARY, OR CONSEQUENTIAL DAMAGES (INCLUDING BUT NOT LIMITED TO
    39                           ; PROCUREMENT OF SUBSTITUTE GOODS OR SERVICES; LOSS OF USE, DATA OR PROFITS; OR BUSINESS
    40                           ; INTERRUPTION) HOWSOEVER CAUSED AND ON ANY THEORY OF LIABILITY, WHETHER IN CONTRACT, ST
      +                          RICT
    41                           ; LIABILITY, OR TORT (INCLUDING NEGLIGENCE OR OTHERWISE) ARISING IN ANY WAY OUT OF THE U
      +                          SE OF
    42                           ; THIS SOFTWARE, EVEN IF ADVISED OF THE POSSIBILITY OF SUCH DAMAGE.
    43                           ; 
    44                           ; 
    45                           ; Code-generator required, PIC18F26K20 Definitions
    46                           ; 
    47                           ; SFR Addresses
    48  0000                     _LATB	set	3978
    49  0000                     _LATC	set	3979
    50  0000                     _PORTA	set	3968
    51  0000                     _LATCbits	set	3979
    52  0000                     _TRISA	set	3986
    53  0000                     _TRISC	set	3988
    54  0000                     _TRISB	set	3987
    55  0000                     _LATA	set	3977
    56  0000                     _PORTC	set	3970
    57  0000                     _PORTB	set	3969
    58                           
    59                           ; #config settings
    60                           
    61                           	psect	cinit
    62  00FF92                     __pcinit:
    63                           	callstack 0
    64  00FF92                     start_initialization:
    65                           	callstack 0
    66  00FF92                     __initialization:
    67                           	callstack 0
    68  00FF92                     end_of_initialization:
    69                           	callstack 0
    70  00FF92                     __end_of__initialization:
    71                           	callstack 0
    72  00FF92  0100               	movlb	0
    73  00FF94  EFDF  F07F         	goto	_main	;jump to C main() function
    74                           
    75                           	psect	cstackCOMRAM
    76  000001                     __pcstackCOMRAM:
    77                           	callstack 0
    78  000001                     ??_main:
    79                           
    80                           ; 1 bytes @ 0x0
    81  000001                     	ds	2
    82                           
    83 ;;
    84 ;;Main: autosize = 0, tempsize = 2, incstack = 0, save=0
    85 ;;
    86 ;; *************** function _main *****************
    87 ;; Defined at:
    88 ;;		line 13 in file "main.c"
    89 ;; Parameters:    Size  Location     Type
    90 ;;		None
    91 ;; Auto vars:     Size  Location     Type
    92 ;;		None
    93 ;; Return value:  Size  Location     Type
    94 ;;                  1    wreg      void 
    95 ;; Registers used:
    96 ;;		wreg, status,2, status,0, cstack
    97 ;; Tracked objects:
    98 ;;		On entry : 0/0
    99 ;;		On exit  : 0/0
   100 ;;		Unchanged: 0/0
   101 ;; Data sizes:     COMRAM   BANK0   BANK1   BANK2   BANK3   BANK4   BANK5   BANK6   BANK7   BANK8   BANK9  BANK10  BANK1
      +1  BANK12  BANK13  BANK14  BANK15
   102 ;;      Params:         0       0       0       0       0       0       0       0       0       0       0       0       
      +0       0       0       0       0
   103 ;;      Locals:         0       0       0       0       0       0       0       0       0       0       0       0       
      +0       0       0       0       0
   104 ;;      Temps:          2       0       0       0       0       0       0       0       0       0       0       0       
      +0       0       0       0       0
   105 ;;      Totals:         2       0       0       0       0       0       0       0       0       0       0       0       
      +0       0       0       0       0
   106 ;;Total ram usage:        2 bytes
   107 ;; Hardware stack levels required when called: 1
   108 ;; This function calls:
   109 ;;		_MCU_Initialize
   110 ;; This function is called by:
   111 ;;		Startup code after reset
   112 ;; This function uses a non-reentrant model
   113 ;;
   114                           
   115                           	psect	text0
   116  00FFBE                     __ptext0:
   117                           	callstack 0
   118  00FFBE                     _main:
   119                           	callstack 30
   120  00FFBE                     
   121                           ;main.c: 14:     MCU_Initialize();
   122  00FFBE  ECCC  F07F         	call	_MCU_Initialize	;wreg free
   123  00FFC2                     l725:
   124  00FFC2  B08B               	btfsc	139,0,c	;volatile
   125  00FFC4  EFE6  F07F         	goto	u11
   126  00FFC8  EFE9  F07F         	goto	u10
   127  00FFCC                     u11:
   128  00FFCC  0E01               	movlw	1
   129  00FFCE  EFEA  F07F         	goto	u16
   130  00FFD2                     u10:
   131  00FFD2  0E00               	movlw	0
   132  00FFD4                     u16:
   133  00FFD4  0AFF               	xorlw	255
   134  00FFD6  6E01               	movwf	??_main^0,c
   135  00FFD8  508B               	movf	139,w,c	;volatile
   136  00FFDA  1801               	xorwf	??_main^0,w,c
   137  00FFDC  0BFE               	andlw	-2
   138  00FFDE  1801               	xorwf	??_main^0,w,c
   139  00FFE0  6E8B               	movwf	139,c	;volatile
   140  00FFE2                     
   141                           ;main.c: 17:         _delay((unsigned long)((250)*(20000000/4000.0)));
   142  00FFE2  0E07               	movlw	7
   143  00FFE4  6E02               	movwf	(??_main+1)^0,c
   144  00FFE6  0E58               	movlw	88
   145  00FFE8  6E01               	movwf	??_main^0,c
   146  00FFEA  0E5A               	movlw	90
   147  00FFEC                     u37:
   148  00FFEC  2EE8               	decfsz	wreg,f,c
   149  00FFEE  D7FE               	bra	u37
   150  00FFF0  2E01               	decfsz	??_main^0,f,c
   151  00FFF2  D7FC               	bra	u37
   152  00FFF4  2E02               	decfsz	(??_main+1)^0,f,c
   153  00FFF6  D7FA               	bra	u37
   154  00FFF8  EFE1  F07F         	goto	l725
   155  00FFFC  EF00  F000         	goto	start
   156  010000                     __end_of_main:
   157                           	callstack 0
   158                           
   159 ;; *************** function _MCU_Initialize *****************
   160 ;; Defined at:
   161 ;;		line 16 in file "mcu.c"
   162 ;; Parameters:    Size  Location     Type
   163 ;;		None
   164 ;; Auto vars:     Size  Location     Type
   165 ;;		None
   166 ;; Return value:  Size  Location     Type
   167 ;;                  1    wreg      void 
   168 ;; Registers used:
   169 ;;		wreg, status,2
   170 ;; Tracked objects:
   171 ;;		On entry : 0/0
   172 ;;		On exit  : 0/0
   173 ;;		Unchanged: 0/0
   174 ;; Data sizes:     COMRAM   BANK0   BANK1   BANK2   BANK3   BANK4   BANK5   BANK6   BANK7   BANK8   BANK9  BANK10  BANK1
      +1  BANK12  BANK13  BANK14  BANK15
   175 ;;      Params:         0       0       0       0       0       0       0       0       0       0       0       0       
      +0       0       0       0       0
   176 ;;      Locals:         0       0       0       0       0       0       0       0       0       0       0       0       
      +0       0       0       0       0
   177 ;;      Temps:          0       0       0       0       0       0       0       0       0       0       0       0       
      +0       0       0       0       0
   178 ;;      Totals:         0       0       0       0       0       0       0       0       0       0       0       0       
      +0       0       0       0       0
   179 ;;Total ram usage:        0 bytes
   180 ;; Hardware stack levels used: 1
   181 ;; This function calls:
   182 ;;		Nothing
   183 ;; This function is called by:
   184 ;;		_main
   185 ;; This function uses a non-reentrant model
   186 ;;
   187                           
   188                           	psect	text1
   189  00FF98                     __ptext1:
   190                           	callstack 0
   191  00FF98                     _MCU_Initialize:
   192                           	callstack 30
   193  00FF98                     
   194                           ;mcu.c: 17:     TRISA = 0b00000111;
   195  00FF98  0E07               	movlw	7
   196  00FF9A  6E92               	movwf	146,c	;volatile
   197                           
   198                           ;mcu.c: 18:     TRISB = 0x00;
   199  00FF9C  0E00               	movlw	0
   200  00FF9E  6E93               	movwf	147,c	;volatile
   201                           
   202                           ;mcu.c: 19:     TRISC = 0x00;
   203  00FFA0  0E00               	movlw	0
   204  00FFA2  6E94               	movwf	148,c	;volatile
   205                           
   206                           ;mcu.c: 21:     PORTA = 0x00;
   207  00FFA4  0E00               	movlw	0
   208  00FFA6  6E80               	movwf	128,c	;volatile
   209                           
   210                           ;mcu.c: 22:     PORTB = 0x00;
   211  00FFA8  0E00               	movlw	0
   212  00FFAA  6E81               	movwf	129,c	;volatile
   213                           
   214                           ;mcu.c: 23:     PORTC = 0x00;
   215  00FFAC  0E00               	movlw	0
   216  00FFAE  6E82               	movwf	130,c	;volatile
   217                           
   218                           ;mcu.c: 25:     LATA = 0x00;
   219  00FFB0  0E00               	movlw	0
   220  00FFB2  6E89               	movwf	137,c	;volatile
   221                           
   222                           ;mcu.c: 26:     LATB = 0x00;
   223  00FFB4  0E00               	movlw	0
   224  00FFB6  6E8A               	movwf	138,c	;volatile
   225                           
   226                           ;mcu.c: 27:     LATC = 0x00;
   227  00FFB8  0E00               	movlw	0
   228  00FFBA  6E8B               	movwf	139,c	;volatile
   229  00FFBC  0012               	return		;funcret
   230  00FFBE                     __end_of_MCU_Initialize:
   231                           	callstack 0
   232  0000                     
   233                           	psect	rparam
   234  0000                     
   235                           	psect	idloc
   236                           
   237                           ;Config register IDLOC0 @ 0x200000
   238                           ;	unspecified, using default values
   239  200000                     	org	2097152
   240  200000  FF                 	db	255
   241                           
   242                           ;Config register IDLOC1 @ 0x200001
   243                           ;	unspecified, using default values
   244  200001                     	org	2097153
   245  200001  FF                 	db	255
   246                           
   247                           ;Config register IDLOC2 @ 0x200002
   248                           ;	unspecified, using default values
   249  200002                     	org	2097154
   250  200002  FF                 	db	255
   251                           
   252                           ;Config register IDLOC3 @ 0x200003
   253                           ;	unspecified, using default values
   254  200003                     	org	2097155
   255  200003  FF                 	db	255
   256                           
   257                           ;Config register IDLOC4 @ 0x200004
   258                           ;	unspecified, using default values
   259  200004                     	org	2097156
   260  200004  FF                 	db	255
   261                           
   262                           ;Config register IDLOC5 @ 0x200005
   263                           ;	unspecified, using default values
   264  200005                     	org	2097157
   265  200005  FF                 	db	255
   266                           
   267                           ;Config register IDLOC6 @ 0x200006
   268                           ;	unspecified, using default values
   269  200006                     	org	2097158
   270  200006  FF                 	db	255
   271                           
   272                           ;Config register IDLOC7 @ 0x200007
   273                           ;	unspecified, using default values
   274  200007                     	org	2097159
   275  200007  FF                 	db	255
   276                           
   277                           	psect	config
   278                           
   279                           ; Padding undefined space
   280  300000                     	org	3145728
   281  300000  FF                 	db	255
   282                           
   283                           ;Config register CONFIG1H @ 0x300001
   284                           ;	Oscillator Selection bits
   285                           ;	FOSC = HS, HS oscillator
   286                           ;	Fail-Safe Clock Monitor Enable bit
   287                           ;	FCMEN = OFF, Fail-Safe Clock Monitor disabled
   288                           ;	Internal/External Oscillator Switchover bit
   289                           ;	IESO = OFF, Oscillator Switchover mode disabled
   290  300001                     	org	3145729
   291  300001  02                 	db	2
   292                           
   293                           ;Config register CONFIG2L @ 0x300002
   294                           ;	Power-up Timer Enable bit
   295                           ;	PWRT = OFF, PWRT disabled
   296                           ;	Brown-out Reset Enable bits
   297                           ;	BOREN = SBORDIS, Brown-out Reset enabled in hardware only (SBOREN is disabled)
   298                           ;	Brown Out Reset Voltage bits
   299                           ;	BORV = 18, VBOR set to 1.8 V nominal
   300  300002                     	org	3145730
   301  300002  1F                 	db	31
   302                           
   303                           ;Config register CONFIG2H @ 0x300003
   304                           ;	Watchdog Timer Enable bit
   305                           ;	WDTEN = OFF, WDT is controlled by SWDTEN bit of the WDTCON register
   306                           ;	Watchdog Timer Postscale Select bits
   307                           ;	WDTPS = 32768, 1:32768
   308  300003                     	org	3145731
   309  300003  1E                 	db	30
   310                           
   311                           ; Padding undefined space
   312  300004                     	org	3145732
   313  300004  FF                 	db	255
   314                           
   315                           ;Config register CONFIG3H @ 0x300005
   316                           ;	CCP2 MUX bit
   317                           ;	CCP2MX = PORTC, CCP2 input/output is multiplexed with RC1
   318                           ;	PORTB A/D Enable bit
   319                           ;	PBADEN = OFF, PORTB<4:0> pins are configured as digital I/O on Reset
   320                           ;	Low-Power Timer1 Oscillator Enable bit
   321                           ;	LPT1OSC = OFF, Timer1 configured for higher power operation
   322                           ;	HFINTOSC Fast Start-up
   323                           ;	HFOFST = OFF, The system clock is held off until the HFINTOSC is stable.
   324                           ;	MCLR Pin Enable bit
   325                           ;	MCLRE = ON, MCLR pin enabled; RE3 input pin disabled
   326  300005                     	org	3145733
   327  300005  81                 	db	129
   328                           
   329                           ;Config register CONFIG4L @ 0x300006
   330                           ;	Stack Full/Underflow Reset Enable bit
   331                           ;	STVREN = OFF, Stack full/underflow will not cause Reset
   332                           ;	Single-Supply ICSP Enable bit
   333                           ;	LVP = OFF, Single-Supply ICSP disabled
   334                           ;	Extended Instruction Set Enable bit
   335                           ;	XINST = OFF, Instruction set extension and Indexed Addressing mode disabled (Legacy mo
      +                          de)
   336                           ;	Background Debugger Enable bit
   337                           ;	DEBUG = 0x1, unprogrammed default
   338  300006                     	org	3145734
   339  300006  80                 	db	128
   340                           
   341                           ; Padding undefined space
   342  300007                     	org	3145735
   343  300007  FF                 	db	255
   344                           
   345                           ;Config register CONFIG5L @ 0x300008
   346                           ;	Code Protection Block 0
   347                           ;	CP0 = OFF, Block 0 (000800-003FFFh) not code-protected
   348                           ;	Code Protection Block 1
   349                           ;	CP1 = OFF, Block 1 (004000-007FFFh) not code-protected
   350                           ;	Code Protection Block 2
   351                           ;	CP2 = OFF, Block 2 (008000-00BFFFh) not code-protected
   352                           ;	Code Protection Block 3
   353                           ;	CP3 = OFF, Block 3 (00C000-00FFFFh) not code-protected
   354  300008                     	org	3145736
   355  300008  0F                 	db	15
   356                           
   357                           ;Config register CONFIG5H @ 0x300009
   358                           ;	Boot Block Code Protection bit
   359                           ;	CPB = OFF, Boot block (000000-0007FFh) not code-protected
   360                           ;	Data EEPROM Code Protection bit
   361                           ;	CPD = OFF, Data EEPROM not code-protected
   362  300009                     	org	3145737
   363  300009  C0                 	db	192
   364                           
   365                           ;Config register CONFIG6L @ 0x30000A
   366                           ;	Write Protection Block 0
   367                           ;	WRT0 = OFF, Block 0 (000800-003FFFh) not write-protected
   368                           ;	Write Protection Block 1
   369                           ;	WRT1 = OFF, Block 1 (004000-007FFFh) not write-protected
   370                           ;	Write Protection Block 2
   371                           ;	WRT2 = OFF, Block 2 (008000-00BFFFh) not write-protected
   372                           ;	Write Protection Block 3
   373                           ;	WRT3 = OFF, Block 3 (00C000h-00FFFFh) not write-protected
   374  30000A                     	org	3145738
   375  30000A  0F                 	db	15
   376                           
   377                           ;Config register CONFIG6H @ 0x30000B
   378                           ;	Configuration Register Write Protection bit
   379                           ;	WRTC = OFF, Configuration registers (300000-3000FFh) not write-protected
   380                           ;	Boot Block Write Protection bit
   381                           ;	WRTB = OFF, Boot Block (000000-0007FFh) not write-protected
   382                           ;	Data EEPROM Write Protection bit
   383                           ;	WRTD = OFF, Data EEPROM not write-protected
   384  30000B                     	org	3145739
   385  30000B  E0                 	db	224
   386                           
   387                           ;Config register CONFIG7L @ 0x30000C
   388                           ;	Table Read Protection Block 0
   389                           ;	EBTR0 = OFF, Block 0 (000800-003FFFh) not protected from table reads executed in other
      +                           blocks
   390                           ;	Table Read Protection Block 1
   391                           ;	EBTR1 = OFF, Block 1 (004000-007FFFh) not protected from table reads executed in other
      +                           blocks
   392                           ;	Table Read Protection Block 2
   393                           ;	EBTR2 = OFF, Block 2 (008000-00BFFFh) not protected from table reads executed in other
      +                           blocks
   394                           ;	Table Read Protection Block 3
   395                           ;	EBTR3 = OFF, Block 3 (00C000-00FFFFh) not protected from table reads executed in other
      +                           blocks
   396  30000C                     	org	3145740
   397  30000C  0F                 	db	15
   398                           
   399                           ;Config register CONFIG7H @ 0x30000D
   400                           ;	Boot Block Table Read Protection bit
   401                           ;	EBTRB = OFF, Boot Block (000000-0007FFh) not protected from table reads executed in ot
      +                          her blocks
   402  30000D                     	org	3145741
   403  30000D  40                 	db	64
   404                           tosu	equ	0xFFF
   405                           tosh	equ	0xFFE
   406                           tosl	equ	0xFFD
   407                           stkptr	equ	0xFFC
   408                           pclatu	equ	0xFFB
   409                           pclath	equ	0xFFA
   410                           pcl	equ	0xFF9
   411                           tblptru	equ	0xFF8
   412                           tblptrh	equ	0xFF7
   413                           tblptrl	equ	0xFF6
   414                           tablat	equ	0xFF5
   415                           prodh	equ	0xFF4
   416                           prodl	equ	0xFF3
   417                           indf0	equ	0xFEF
   418                           postinc0	equ	0xFEE
   419                           postdec0	equ	0xFED
   420                           preinc0	equ	0xFEC
   421                           plusw0	equ	0xFEB
   422                           fsr0h	equ	0xFEA
   423                           fsr0l	equ	0xFE9
   424                           wreg	equ	0xFE8
   425                           indf1	equ	0xFE7
   426                           postinc1	equ	0xFE6
   427                           postdec1	equ	0xFE5
   428                           preinc1	equ	0xFE4
   429                           plusw1	equ	0xFE3
   430                           fsr1h	equ	0xFE2
   431                           fsr1l	equ	0xFE1
   432                           bsr	equ	0xFE0
   433                           indf2	equ	0xFDF
   434                           postinc2	equ	0xFDE
   435                           postdec2	equ	0xFDD
   436                           preinc2	equ	0xFDC
   437                           plusw2	equ	0xFDB
   438                           fsr2h	equ	0xFDA
   439                           fsr2l	equ	0xFD9
   440                           status	equ	0xFD8

Data Sizes:
    Strings     0
    Constant    0
    Data        0
    BSS         0
    Persistent  0
    Stack       0

Auto Spaces:
    Space          Size  Autos    Used
    COMRAM           95      2       2
    BANK0           160      0       0
    BANK1           256      0       0
    BANK2           256      0       0
    BANK3           256      0       0
    BANK4           256      0       0
    BANK5           256      0       0
    BANK6           256      0       0
    BANK7           256      0       0
    BANK8           256      0       0
    BANK9           256      0       0
    BANK10          256      0       0
    BANK11          256      0       0
    BANK12          256      0       0
    BANK13          256      0       0
    BANK14          256      0       0
    BANK15           96      0       0

Pointer List with Targets:

    None.

Critical Paths under _main in COMRAM

    None.

Critical Paths under _main in BANK0

    None.

Critical Paths under _main in BANK1

    None.

Critical Paths under _main in BANK2

    None.

Critical Paths under _main in BANK3

    None.

Critical Paths under _main in BANK4

    None.

Critical Paths under _main in BANK5

    None.

Critical Paths under _main in BANK6

    None.

Critical Paths under _main in BANK7

    None.

Critical Paths under _main in BANK8

    None.

Critical Paths under _main in BANK9

    None.

Critical Paths under _main in BANK10

    None.

Critical Paths under _main in BANK11

    None.

Critical Paths under _main in BANK12

    None.

Critical Paths under _main in BANK13

    None.

Critical Paths under _main in BANK14

    None.

Critical Paths under _main in BANK15

    None.

Call Graph Tables:

 ---------------------------------------------------------------------------------
 (Depth) Function   	        Calls       Base Space   Used Autos Params    Refs
 ---------------------------------------------------------------------------------
 (0) _main                                                 2     2      0       0
                                              0 COMRAM     2     2      0
                     _MCU_Initialize
 ---------------------------------------------------------------------------------
 (1) _MCU_Initialize                                       0     0      0       0
 ---------------------------------------------------------------------------------
 Estimated maximum stack depth 1
 ---------------------------------------------------------------------------------

 Call Graph Graphs:

 _main (ROOT)
   _MCU_Initialize

 Address spaces:
Name               Size   Autos  Total    Cost      Usage
BITCOMRAM           5F      0       0       0        0.0%
EEDATA             400      0       0       0        0.0%
NULL                 0      0       0       0        0.0%
CODE                 0      0       0       0        0.0%
COMRAM              5F      2       2       1        2.1%
STACK                0      0       0       2        0.0%
DATA                 0      0       0       3        0.0%
BITBANK0            A0      0       0       4        0.0%
BANK0               A0      0       0       5        0.0%
BITBANK1           100      0       0       6        0.0%
BANK1              100      0       0       7        0.0%
BITBANK2           100      0       0       8        0.0%
BANK2              100      0       0       9        0.0%
BITBANK3           100      0       0      10        0.0%
BANK3              100      0       0      11        0.0%
BITBANK4           100      0       0      12        0.0%
BANK4              100      0       0      13        0.0%
BITBANK5           100      0       0      14        0.0%
BANK5              100      0       0      15        0.0%
BITBANK6           100      0       0      16        0.0%
BANK6              100      0       0      17        0.0%
BITBANK7           100      0       0      18        0.0%
BANK7              100      0       0      19        0.0%
BITBANK8           100      0       0      20        0.0%
BANK8              100      0       0      21        0.0%
BITBANK9           100      0       0      22        0.0%
BANK9              100      0       0      23        0.0%
BITBANK10          100      0       0      24        0.0%
BANK10             100      0       0      25        0.0%
BITBANK11          100      0       0      26        0.0%
BANK11             100      0       0      27        0.0%
BITBANK12          100      0       0      28        0.0%
BANK12             100      0       0      29        0.0%
BITBANK13          100      0       0      30        0.0%
BANK13             100      0       0      31        0.0%
BITBANK14          100      0       0      32        0.0%
BANK14             100      0       0      33        0.0%
BITBANK15           60      0       0      34        0.0%
BANK15              60      0       0      35        0.0%
BITBIGSFRhh         6B      0       0      36        0.0%
BITBIGSFRhl          6      0       0      37        0.0%
BITBIGSFRlhl         6      0       0      38        0.0%
BITBIGSFRll         20      0       0      39        0.0%
ABS                  0      0       0      40        0.0%
BIGRAM             F5F      0       0      41        0.0%
BIGSFR               0      0       0     200        0.0%
BITSFR               0      0       0     200        0.0%
SFR                  0      0       0     200        0.0%


Microchip Technology PIC18 Macro Assembler V2.36 build 20220127204148 
Symbol Table                                                                                   Wed Feb 01 18:40:45 2023

                     l39 FFBC                       u10 FFD2                       u11 FFCC  
                     u16 FFD4                       u37 FFEC                      l721 FF98  
                    l723 FFBE                      l725 FFC2                      l727 FFE2  
                    wreg 000FE8                     _LATA 000F89                     _LATB 000F8A  
                   _LATC 000F8B                     _main FFBE                     start 0000  
           ___param_bank 000000                    ?_main 0001                    _PORTA 000F80  
                  _PORTB 000F81                    _PORTC 000F82                    _TRISA 000F92  
                  _TRISB 000F93                    _TRISC 000F94         ??_MCU_Initialize 0001  
        __initialization FF92             __end_of_main 0000                   ??_main 0001  
          __activetblptr 000000                   isa$std 000001               __accesstop 0060  
__end_of__initialization FF92            ___rparam_used 000001           __pcstackCOMRAM 0001  
                __Hparam 0000                  __Lparam 0000                  __pcinit FF92  
                __ramtop 1000                  __ptext0 FFBE                  __ptext1 FF98  
   end_of_initialization FF92      start_initialization FF92           _MCU_Initialize FF98  
               _LATCbits 000F8B   __end_of_MCU_Initialize FFBE                 __Hrparam 0000  
               __Lrparam 0000          ?_MCU_Initialize 0001                 isa$xinst 000000  
